a7fca9ad6a5981e92947c02650990ba106e77cf37dcfc687217922ec5b1cc4e7,https://www.wlu.ca/,2023-02-09 12:23:53.395064,200
d3ddac26044e4a0265dcf9dc806ca33d0c2d1b1b93d1e6c0910021496e1093d5,https://www.wlu.ca/future-students/undergraduate/tours-and-events/assets/resources/virtual-tour-waterloo.html,2023-02-09 12:23:53.673835,200
4af4794d5e4722dd13b5449bbe520c45ac33ac759e8a0889d4635fc329e2f7f6,https://www.wlu.ca/future-students/undergraduate/tours-and-events/assets/resources/virtual-tour-brantford.html,2023-02-09 12:23:53.958829,200
cb013b053e20abecac92e93423c688bd3594afd4e492cd945119bdf45c3198f8,https://students.wlu.ca/,2023-02-09 12:23:54.442163,200
b9117692fe53bfe96d359e4b08d60946ceb3033f631ab19851ec90ddfd176a03,https://lauriercloud.sharepoint.com/,2023-02-09 12:23:54.687515,403
c6b0b8d4815b337e82c5bb6f09e1090a3b670165958c514fad151a36dd3f6224,http://www.laurieralumni.ca/s/1681/15/start.aspx,2023-02-09 12:23:55.810348,200
81ef54359cc308223c26cab48538e0bd5efd12312e7c7faa8269018cda0bb63b,https://give.wlu.ca,2023-02-09 12:23:56.202988,200
15a9391b4d4b1f41fd3c923250b65b2800c3d6f1efe3f820adb842d7512ec2d2,https://www.wlu.ca/future-students/undergraduate/index.html#form,2023-02-09 12:23:56.458956,200
a5e0a5bd7f5e02d299114f4f3c964d1ca8e54e44c20662847d5ae6d3ea3ee46e,https://campusmagazine.wlu.ca/2022/fall/features/overcoming-during-covid-19.html,2023-02-09 12:23:57.192194,200
78a1703361551f2d891ff19c272f247c405d2d320bbd1d3e605064949f60f6c1,https://www.youtube.com/watch?v=_BSOqnVYYj8,2023-02-09 12:23:57.695077,200
a1d22756070bb47cfe4d1d0b98345518075caa83252d86728fadea440ed6faa2,http://events.dudesolutions.com/wlu/event/conversations-and-community-inclusive-teaching-3/,2023-02-09 12:23:58.075377,200
4c121ec3ecb6b1e854b6f6677c68002d4430917843f551cff83e5365c2fecf9f,http://events.dudesolutions.com/wlu/site/students/event/ask-workshop---the-study-cycle-4/,2023-02-09 12:23:58.370431,200
a8f92d0ffa0627f70b9b60a9355994ff42949715cfde83d019959690d422e680,http://events.dudesolutions.com/wlu/site/students/event/marketing-your-transferable-skills-for-masters-and-phd-students-2/,2023-02-09 12:23:58.661098,200
be870e8397c92265e6c5a273e0d71288c510a9ba85ba04f73c2150875699951d,http://events.dudesolutions.com/wlu/site/students/event/writing-workshop-writing-and-understanding-thesis-statements-1/,2023-02-09 12:23:58.937671,200
4885586b084865d942343dfbb9ce907221150f7a8d509a3944866d927e3e17f3,http://events.dudesolutions.com/wlu/event/building-community-connections-our-history-legacy-and-future/,2023-02-09 12:23:59.220298,200
a2315239fcd36fd06c944b0ef20e0e4751080e8651f66a8af2ee50b1896daf8a,https://events.dudesolutions.com/wlu/?view=,2023-02-09 12:23:59.407048,200
a7fca9ad6a5981e92947c02650990ba106e77cf37dcfc687217922ec5b1cc4e7,https://www.wlu.ca/,2023-02-09 14:40:15.076242,200
a7fca9ad6a5981e92947c02650990ba106e77cf37dcfc687217922ec5b1cc4e7,https://www.wlu.ca/,2023-02-09 14:40:30.159220,200
d3ddac26044e4a0265dcf9dc806ca33d0c2d1b1b93d1e6c0910021496e1093d5,https://www.wlu.ca/future-students/undergraduate/tours-and-events/assets/resources/virtual-tour-waterloo.html,2023-02-09 14:40:30.456286,200
4af4794d5e4722dd13b5449bbe520c45ac33ac759e8a0889d4635fc329e2f7f6,https://www.wlu.ca/future-students/undergraduate/tours-and-events/assets/resources/virtual-tour-brantford.html,2023-02-09 14:40:30.820330,200
cb013b053e20abecac92e93423c688bd3594afd4e492cd945119bdf45c3198f8,https://students.wlu.ca/,2023-02-09 14:40:31.308905,200
b9117692fe53bfe96d359e4b08d60946ceb3033f631ab19851ec90ddfd176a03,https://lauriercloud.sharepoint.com/,2023-02-09 14:40:31.486955,403
c6b0b8d4815b337e82c5bb6f09e1090a3b670165958c514fad151a36dd3f6224,http://www.laurieralumni.ca/s/1681/15/start.aspx,2023-02-09 14:40:32.578586,200
81ef54359cc308223c26cab48538e0bd5efd12312e7c7faa8269018cda0bb63b,https://give.wlu.ca,2023-02-09 14:40:32.927081,200
15a9391b4d4b1f41fd3c923250b65b2800c3d6f1efe3f820adb842d7512ec2d2,https://www.wlu.ca/future-students/undergraduate/index.html#form,2023-02-09 14:40:33.346074,200
d3ddac26044e4a0265dcf9dc806ca33d0c2d1b1b93d1e6c0910021496e1093d5,https://www.wlu.ca/future-students/undergraduate/tours-and-events/assets/resources/virtual-tour-waterloo.html,2023-02-09 14:40:33.596902,200
4af4794d5e4722dd13b5449bbe520c45ac33ac759e8a0889d4635fc329e2f7f6,https://www.wlu.ca/future-students/undergraduate/tours-and-events/assets/resources/virtual-tour-brantford.html,2023-02-09 14:40:33.854492,200
a5e0a5bd7f5e02d299114f4f3c964d1ca8e54e44c20662847d5ae6d3ea3ee46e,https://campusmagazine.wlu.ca/2022/fall/features/overcoming-during-covid-19.html,2023-02-09 14:40:34.027539,200
78a1703361551f2d891ff19c272f247c405d2d320bbd1d3e605064949f60f6c1,https://www.youtube.com/watch?v=_BSOqnVYYj8,2023-02-09 14:40:34.549393,200
a1d22756070bb47cfe4d1d0b98345518075caa83252d86728fadea440ed6faa2,http://events.dudesolutions.com/wlu/event/conversations-and-community-inclusive-teaching-3/,2023-02-09 14:40:35.120593,200
4c121ec3ecb6b1e854b6f6677c68002d4430917843f551cff83e5365c2fecf9f,http://events.dudesolutions.com/wlu/site/students/event/ask-workshop---the-study-cycle-4/,2023-02-09 14:40:35.446677,200
a8f92d0ffa0627f70b9b60a9355994ff42949715cfde83d019959690d422e680,http://events.dudesolutions.com/wlu/site/students/event/marketing-your-transferable-skills-for-masters-and-phd-students-2/,2023-02-09 14:40:35.740483,200
be870e8397c92265e6c5a273e0d71288c510a9ba85ba04f73c2150875699951d,http://events.dudesolutions.com/wlu/site/students/event/writing-workshop-writing-and-understanding-thesis-statements-1/,2023-02-09 14:40:36.054266,200
4885586b084865d942343dfbb9ce907221150f7a8d509a3944866d927e3e17f3,http://events.dudesolutions.com/wlu/event/building-community-connections-our-history-legacy-and-future/,2023-02-09 14:40:36.354345,200
a2315239fcd36fd06c944b0ef20e0e4751080e8651f66a8af2ee50b1896daf8a,https://events.dudesolutions.com/wlu/?view=,2023-02-09 14:40:36.580091,200
